== Tests result: FAILURE ==

26 tests skipped:
    test.test_asyncio.test_windows_events
    test.test_asyncio.test_windows_utils test.test_gdb.test_backtrace
    test.test_gdb.test_cfunction test.test_gdb.test_cfunction_full
    test.test_gdb.test_misc test.test_gdb.test_pretty_print
    test_dbm_gnu test_epoll test_idle test_kqueue test_launcher
    test_msilib test_perf_profiler test_perfmaps test_startfile
    test_tcl test_tix test_tkinter test_ttk test_ttk_textonly
    test_turtle test_winapi test_winconsoleio test_winreg test_wmi

8 tests skipped (resource denied):
    test_ossaudiodev test_smtpnet test_socketserver test_urllib2net
    test_urllibnet test_winsound test_xmlrpc_net test_zipfile64

2 tests failed:
    test_multiprocessing_main_handling test_poplib

454 tests OK.

0:11:32 load avg: 0.11 Re-running 2 failed tests in verbose mode in subprocesses
0:11:32 load avg: 0.11 Run 2 tests in parallel using 2 worker processes
0:11:34 load avg: 0.12 [1/2] test_multiprocessing_main_handling passed
Re-running test_multiprocessing_main_handling in verbose mode (matching: test_zipfile_compiled)
test_zipfile_compiled (test.test_multiprocessing_main_handling.ForkCmdLineTest.test_zipfile_compiled) ... ok
test_zipfile_compiled (test.test_multiprocessing_main_handling.ForkServerCmdLineTest.test_zipfile_compiled) ... ok
test_zipfile_compiled (test.test_multiprocessing_main_handling.SpawnCmdLineTest.test_zipfile_compiled) ... ok

----------------------------------------------------------------------
Ran 3 tests in 1.132s

OK
0:11:50 load avg: 0.15 [2/2] test_poplib passed
Re-running test_poplib in verbose mode (matching: testTimeoutNone)
testTimeoutNone (test.test_poplib.TestTimeouts.testTimeoutNone) ... ok

----------------------------------------------------------------------
Ran 1 test in 16.921s

OK

== Tests result: FAILURE then SUCCESS ==

26 tests skipped:
    test.test_asyncio.test_windows_events
    test.test_asyncio.test_windows_utils test.test_gdb.test_backtrace
    test.test_gdb.test_cfunction test.test_gdb.test_cfunction_full
    test.test_gdb.test_misc test.test_gdb.test_pretty_print
    test_dbm_gnu test_epoll test_idle test_kqueue test_launcher
    test_msilib test_perf_profiler test_perfmaps test_startfile
    test_tcl test_tix test_tkinter test_ttk test_ttk_textonly
    test_turtle test_winapi test_winconsoleio test_winreg test_wmi

8 tests skipped (resource denied):
    test_ossaudiodev test_smtpnet test_socketserver test_urllib2net
    test_urllibnet test_winsound test_xmlrpc_net test_zipfile64

2 re-run tests:
    test_multiprocessing_main_handling test_poplib

456 tests OK.

Total tests: run=42,149 (filtered) failures=1 skipped=1,547
Total test files: run=484/490 (filtered) skipped=26 resource_denied=8 rerun=2
Result: FAILURE then SUCCESS
